<?xml version="1.0" encoding="UTF-8"?>
<testsuite xmlns:xsi="http://www.w3.org/2001/XMLSchema-instance" xsi:noNamespaceSchemaLocation="https://maven.apache.org/surefire/maven-surefire-plugin/xsd/surefire-test-report.xsd" name="TestSuite" time="143.692" tests="1" errors="0" skipped="0" failures="1">
  <properties>
[...]
</properties>
  <testcase name="runScenario" classname="TestRunners.TestNGTestRunner" time="141.756">
    <failure message="element not interactable&#10;  (Session info: chrome=104.0.5112.81)&#10;Build info: version: &apos;3.141.59&apos;, revision: &apos;e82be7d358&apos;, time: &apos;2018-11-14T08:17:03&apos;&#10;System info: host: &apos;DESKTOP-O544DRQ&apos;, ip: &apos;192.168.0.173&apos;, os.name: &apos;Windows 10&apos;, os.arch: &apos;amd64&apos;, os.version: &apos;10.0&apos;, java.version: &apos;1.8.0_251&apos;&#10;Driver info: org.openqa.selenium.chrome.ChromeDriver&#10;Capabilities {acceptInsecureCerts: false, browserName: chrome, browserVersion: 104.0.5112.81, chrome: {chromedriverVersion: 104.0.5112.79 (3cf3e8c8a07d..., userDataDir: C:\Users\Imran\AppData\Loca...}, goog:chromeOptions: {debuggerAddress: localhost:64084}, javascriptEnabled: true, networkConnectionEnabled: false, pageLoadStrategy: normal, platform: WINDOWS, platformName: WINDOWS, proxy: Proxy(), setWindowRect: true, strictFileInteractability: false, timeouts: {implicit: 0, pageLoad: 300000, script: 30000}, unhandledPromptBehavior: dismiss and notify, webauthn:extension:credBlob: true, webauthn:extension:largeBlob: true, webauthn:virtualAuthenticators: true}&#10;Session ID: 1a1774db94e035ae3b4e416fb8891176" type="org.openqa.selenium.ElementNotInteractableException">org.openqa.selenium.ElementNotInteractableException: 
element not interactable
  (Session info: chrome=104.0.5112.81)
Build info: version: '3.141.59', revision: 'e82be7d358', time: '2018-11-14T08:17:03'
System info: host: 'DESKTOP-O544DRQ', ip: '192.168.0.173', os.name: 'Windows 10', os.arch: 'amd64', os.version: '10.0', java.version: '1.8.0_251'
Driver info: org.openqa.selenium.chrome.ChromeDriver
Capabilities {acceptInsecureCerts: false, browserName: chrome, browserVersion: 104.0.5112.81, chrome: {chromedriverVersion: 104.0.5112.79 (3cf3e8c8a07d..., userDataDir: C:\Users\Imran\AppData\Loca...}, goog:chromeOptions: {debuggerAddress: localhost:64084}, javascriptEnabled: true, networkConnectionEnabled: false, pageLoadStrategy: normal, platform: WINDOWS, platformName: WINDOWS, proxy: Proxy(), setWindowRect: true, strictFileInteractability: false, timeouts: {implicit: 0, pageLoad: 300000, script: 30000}, unhandledPromptBehavior: dismiss and notify, webauthn:extension:credBlob: true, webauthn:extension:largeBlob: true, webauthn:virtualAuthenticators: true}
Session ID: 1a1774db94e035ae3b4e416fb8891176
</failure>
    <system-out><![CDATA[
@SmokeTest
Scenario: Verify web page of dailymail application                                         # src/test/java/com/app/feature/DailyMailTest.feature:7
[INFO ] 2022-08-16 10:56:33.678 [main] Log - User is on Home page of application
  Given User is on Application home page                                                   # Scenarios.HomePageStepDef.user_is_on_application_home_page()
Current day: Tuesday
[INFO ] 2022-08-16 10:56:33.726 [main] Log - Verify the current date and time
  Then I Verify the webpage displays current date and time                                 # Scenarios.HomePageStepDef.i_verify_the_webpage_displays_current_date_and_time()
Successfully clicked on the WebElement: <[[ChromeDriver: chrome on WINDOWS (1a1774db94e035ae3b4e416fb8891176)] -> xpath: //div[contains(@class,'page-header')]/child::ul//a[contains(text(),'Sport')]]]]><![CDATA[>
  When I Navigate to the Sport menu                                                        # Scenarios.HomePageStepDef.i_navigate_to_the_sport_menu()
Successfully clicked on the WebElement: <[[ChromeDriver: chrome on WINDOWS (1a1774db94e035ae3b4e416fb8891176)] -> xpath: //div[contains(@class,'sport nav-secondary-container')]/child::div/ul//a[contains(text(),'Football')]]]]><![CDATA[>
  When I Click on the Football sub navigation item                                         # Scenarios.HomePageStepDef.i_click_on_the_football_sub_navigation_item()
  Then I Verify primary navigation colour Sport and secondary navigation Football are same # Scenarios.HomePageStepDef.i_verify_primary_navigation_colour_sport_and_secondary_navigation_football_are_same()
Successfully clicked on the WebElement: <Proxy element for: DefaultElementLocator 'By.xpath: (//div[contains(@itemprop,'mainEntity')]/child::div//h2/a)[1]'>
  And I Click on the first article displayed and traverse to the gallery image             # Scenarios.HomePageStepDef.i_click_on_the_first_article_displayed_and_traverse_to_the_gallery_image()
Successfully clicked on the WebElement: <[[ChromeDriver: chrome on WINDOWS (1a1774db94e035ae3b4e416fb8891176)] -> xpath: (//div[@itemprop='articleBody']//div[contains(@class,'artSplitter mol-img-group')]//img)[1]]]]><![CDATA[>
  And I Click on gallery icon appearing on the right-hand side corner                      # Scenarios.HomePageStepDef.i_click_on_gallery_icon_appearing_on_the_right_hand_side_corner()
  Then I Verify previous and next arrows buttons                                           # Scenarios.HomePageStepDef.i_verify_previous_and_next_arrows_buttons()
WebElement is NOT displayed using locator: <Proxy element for: DefaultElementLocator 'By.xpath: //div[(contains(@class,'videoWrapper'))]//div[@class='vjs-title']/following-sibling::div[@class='vjs-control-bar']/div[contains(@class,'fullscreen-control')]'>
WebElement is NOT displayed using locator: <Proxy element for: DefaultElementLocator 'By.xpath: //div[(contains(@class,'videoWrapper'))]//div[@class='vjs-title']/following-sibling::div[@class='vjs-control-bar']/div[contains(@class,'fullscreen-control')]'>
WebElement is NOT displayed using locator: <Proxy element for: DefaultElementLocator 'By.xpath: //div[(contains(@class,'videoWrapper'))]//div[@class='vjs-title']/following-sibling::div[@class='vjs-control-bar']/div[contains(@class,'fullscreen-control')]'>
WebElement is NOT displayed using locator: <Proxy element for: DefaultElementLocator 'By.xpath: //div[(contains(@class,'videoWrapper'))]//div[@class='vjs-title']/following-sibling::div[@class='vjs-control-bar']/div[contains(@class,'fullscreen-control')]'>
WebElement is NOT displayed using locator: <Proxy element for: DefaultElementLocator 'By.xpath: //div[(contains(@class,'videoWrapper'))]//div[@class='vjs-title']/following-sibling::div[@class='vjs-control-bar']/div[contains(@class,'fullscreen-control')]'>
WebElement is NOT displayed using locator: <Proxy element for: DefaultElementLocator 'By.xpath: //div[(contains(@class,'videoWrapper'))]//div[@class='vjs-title']/following-sibling::div[@class='vjs-control-bar']/div[contains(@class,'fullscreen-control')]'>
WebElement is displayed using locator: <[[ChromeDriver: chrome on WINDOWS (1a1774db94e035ae3b4e416fb8891176)] -> xpath: //div[(contains(@class,'videoWrapper'))]//div[@class='vjs-title']/following-sibling::div[@class='vjs-control-bar']/div[contains(@class,'fullscreen-control')]]]]><![CDATA[>
WebElement is displayed using locator: <[[ChromeDriver: chrome on WINDOWS (1a1774db94e035ae3b4e416fb8891176)] -> xpath: //div[(contains(@class,'videoWrapper'))]//div[@class='vjs-title']/following-sibling::div[@class='vjs-control-bar']/div[contains(@class,'fullscreen-control')]]]]><![CDATA[>
WebElement is displayed using locator: <[[ChromeDriver: chrome on WINDOWS (1a1774db94e035ae3b4e416fb8891176)] -> xpath: //div[(contains(@class,'videoWrapper'))]//div[@class='vjs-title']/following-sibling::div[@class='vjs-control-bar']/div[contains(@class,'fullscreen-control')]]]]><![CDATA[>
WebElement is displayed using locator: <[[ChromeDriver: chrome on WINDOWS (1a1774db94e035ae3b4e416fb8891176)] -> xpath: //div[(contains(@class,'videoWrapper'))]//div[@class='vjs-title']/following-sibling::div[@class='vjs-control-bar']/div[contains(@class,'fullscreen-control')]]]]><![CDATA[>
WebElement is displayed using locator: <[[ChromeDriver: chrome on WINDOWS (1a1774db94e035ae3b4e416fb8891176)] -> xpath: //div[(contains(@class,'videoWrapper'))]//div[@class='vjs-title']/following-sibling::div[@class='vjs-control-bar']/div[contains(@class,'fullscreen-control')]]]]><![CDATA[>
WebElement is displayed using locator: <[[ChromeDriver: chrome on WINDOWS (1a1774db94e035ae3b4e416fb8891176)] -> xpath: //div[(contains(@class,'videoWrapper'))]//div[@class='vjs-title']/following-sibling::div[@class='vjs-control-bar']/div[contains(@class,'fullscreen-control')]]]]><![CDATA[>
  And I Navigate to a video embedded within the article                                    # Scenarios.HomePageStepDef.i_navigate_to_a_video_embedded_within_the_article()
  And I Click the full screen button on the right-hand corner of the video                 # Scenarios.HomePageStepDef.i_click_the_full_screen_button_on_the_right_hand_corner_of_the_video()
      org.openqa.selenium.ElementNotInteractableException: element not interactable
  (Session info: chrome=104.0.5112.81)
Build info: version: '3.141.59', revision: 'e82be7d358', time: '2018-11-14T08:17:03'
System info: host: 'DESKTOP-O544DRQ', ip: '192.168.0.173', os.name: 'Windows 10', os.arch: 'amd64', os.version: '10.0', java.version: '1.8.0_251'
Driver info: org.openqa.selenium.chrome.ChromeDriver
Capabilities {acceptInsecureCerts: false, browserName: chrome, browserVersion: 104.0.5112.81, chrome: {chromedriverVersion: 104.0.5112.79 (3cf3e8c8a07d..., userDataDir: C:\Users\Imran\AppData\Loca...}, goog:chromeOptions: {debuggerAddress: localhost:64084}, javascriptEnabled: true, networkConnectionEnabled: false, pageLoadStrategy: normal, platform: WINDOWS, platformName: WINDOWS, proxy: Proxy(), setWindowRect: true, strictFileInteractability: false, timeouts: {implicit: 0, pageLoad: 300000, script: 30000}, unhandledPromptBehavior: dismiss and notify, webauthn:extension:credBlob: true, webauthn:extension:largeBlob: true, webauthn:virtualAuthenticators: true}
Session ID: 1a1774db94e035ae3b4e416fb8891176
	at sun.reflect.NativeConstructorAccessorImpl.newInstance0(Native Method)
	at sun.reflect.NativeConstructorAccessorImpl.newInstance(NativeConstructorAccessorImpl.java:62)
	at sun.reflect.DelegatingConstructorAccessorImpl.newInstance(DelegatingConstructorAccessorImpl.java:45)
	at java.lang.reflect.Constructor.newInstance(Constructor.java:423)
	at org.openqa.selenium.remote.http.W3CHttpResponseCodec.createException(W3CHttpResponseCodec.java:187)
	at org.openqa.selenium.remote.http.W3CHttpResponseCodec.decode(W3CHttpResponseCodec.java:122)
	at org.openqa.selenium.remote.http.W3CHttpResponseCodec.decode(W3CHttpResponseCodec.java:49)
	at org.openqa.selenium.remote.HttpCommandExecutor.execute(HttpCommandExecutor.java:158)
	at org.openqa.selenium.remote.service.DriverCommandExecutor.execute(DriverCommandExecutor.java:83)
	at org.openqa.selenium.remote.RemoteWebDriver.execute(RemoteWebDriver.java:552)
	at org.openqa.selenium.remote.RemoteWebElement.execute(RemoteWebElement.java:285)
	at org.openqa.selenium.remote.RemoteWebElement.click(RemoteWebElement.java:84)
	at sun.reflect.NativeMethodAccessorImpl.invoke0(Native Method)
	at sun.reflect.NativeMethodAccessorImpl.invoke(NativeMethodAccessorImpl.java:62)
	at sun.reflect.DelegatingMethodAccessorImpl.invoke(DelegatingMethodAccessorImpl.java:43)
	at java.lang.reflect.Method.invoke(Method.java:498)
	at org.openqa.selenium.support.pagefactory.internal.LocatingElementHandler.invoke(LocatingElementHandler.java:51)
	at com.sun.proxy.$Proxy24.click(Unknown Source)
	at com.app.pages.HomePage.clickOnFullScreenIcon(HomePage.java:187)
	at Scenarios.HomePageStepDef.i_click_the_full_screen_button_on_the_right_hand_corner_of_the_video(HomePageStepDef.java:80)
	at âœ½.I Click the full screen button on the right-hand corner of the video(file:///C:/Users/Imran/eclipse-workspace/Collins_Automation/src/test/java/com/app/feature/DailyMailTest.feature:16)

  When I Click on the Facebook share icon and verify it opens Facebook modal dialog        # Scenarios.HomePageStepDef.i_click_on_the_facebook_share_icon_and_verify_it_opens_facebook_modal_dialog()
  And I Click the full screen button on the right-hand corner of the video                 # Scenarios.HomePageStepDef.i_click_the_full_screen_button_on_the_right_hand_corner_of_the_video()
  And I Click on collapse icon on video                                                    # Scenarios.HomePageStepDef.i_click_on_collapse_icon_on_video()
  And I Click on close icon                                                                # Scenarios.HomePageStepDef.i_click_on_close_icon()
  And I Get "Liverpool" team points                                                        # Scenarios.HomePageStepDef.i_get_team_points(java.lang.String)
  And I Get "Liverpool" team position                                                      # Scenarios.HomePageStepDef.i_get_team_position(java.lang.String)

    Embedding Verify web page of dailymail application [image/png 1302850 bytes]

]]></system-out>
    <system-err><![CDATA[SLF4J: Failed to load class "org.slf4j.impl.StaticLoggerBinder".
SLF4J: Defaulting to no-operation (NOP) logger implementation
SLF4J: See http://www.slf4j.org/codes.html#StaticLoggerBinder for further details.
Starting ChromeDriver 104.0.5112.79 (3cf3e8c8a07d104b9e1260c910efb8f383285dc5-refs/branch-heads/5112@{#1307}) on port 34049
Only local connections are allowed.
Please see https://chromedriver.chromium.org/security-considerations for suggestions on keeping ChromeDriver safe.
ChromeDriver was started successfully.
Aug 16, 2022 10:56:04 AM org.openqa.selenium.remote.ProtocolHandshake createSession
INFO: Detected dialect: W3C
]]></system-err>
  </testcase>
</testsuite>